<?xml version="1.0" encoding="UTF-8"?>
<!-- Generated by org.testng.reporters.JUnitReportReporter -->
<testsuite skipped="0" hostname="DESKTOP-RDSDRH0" name="gooleProject.GoogleKeepAdd" tests="1" failures="0" timestamp="2020-09-22T19:43:08 IST" time="46.033" errors="0">
  <testcase name="addNote" time="46.033" classname="gooleProject.GoogleKeepAdd"/>
</testsuite> <!-- gooleProject.GoogleKeepAdd -->
