<?xml version="1.0" encoding="UTF-8"?>
<!-- Generated by org.testng.reporters.JUnitReportReporter -->
<testsuite skipped="0" hostname="DESKTOP-RDSDRH0" name="gooleProject.GoogleTaskAdd" tests="1" failures="0" timestamp="2020-09-22T19:49:24 IST" time="35.149" errors="0">
  <testcase name="addTask" time="35.149" classname="gooleProject.GoogleTaskAdd"/>
</testsuite> <!-- gooleProject.GoogleTaskAdd -->
