<?xml version="1.0" encoding="UTF-8"?>
<!-- Generated by org.testng.reporters.JUnitReportReporter -->
<testsuite hostname="DESKTOP-88FLBF9" failures="0" tests="1" name="chromeProject.LoginForm" time="38.382" errors="0" timestamp="2020-09-23T15:37:15 IST" skipped="0">
  <testcase classname="chromeProject.LoginForm" name="loginUser" time="38.382"/>
</testsuite> <!-- chromeProject.LoginForm -->
