<?xml version="1.0" encoding="UTF-8"?>
<!-- Generated by org.testng.reporters.JUnitReportReporter -->
<testsuite hostname="DESKTOP-88FLBF9" failures="0" tests="1" name="chromeProject.ToDoListTest" time="53.233" errors="0" timestamp="2020-09-23T15:37:15 IST" skipped="0">
  <testcase classname="chromeProject.ToDoListTest" name="toDoList" time="53.233"/>
</testsuite> <!-- chromeProject.ToDoListTest -->
