<?xml version="1.0" encoding="UTF-8"?>
<!-- Generated by org.testng.reporters.JUnitReportReporter -->
<testsuite hostname="DESKTOP-88FLBF9" failures="0" tests="1" name="gooleProject.GoogleKeepReminder" time="35.287" errors="0" timestamp="2020-09-23T15:37:15 IST" skipped="0">
  <testcase classname="gooleProject.GoogleKeepReminder" name="addReminder" time="35.287"/>
</testsuite> <!-- gooleProject.GoogleKeepReminder -->
