<?xml version="1.0" encoding="UTF-8"?>
<!-- Generated by org.testng.reporters.JUnitReportReporter -->
<testsuite hostname="DESKTOP-88FLBF9" failures="0" tests="1" name="gooleProject.GoogleKeepAdd" time="23.707" errors="0" timestamp="2020-09-23T15:37:15 IST" skipped="0">
  <testcase classname="gooleProject.GoogleKeepAdd" name="addNote" time="23.707"/>
</testsuite> <!-- gooleProject.GoogleKeepAdd -->
